<?xml version="1.0" encoding="UTF-8"?>
<testng-results ignored="0" total="1" passed="1" failed="0" skipped="0">
  <reporter-output>
  </reporter-output>
  <suite started-at="2023-10-09T15:12:52 IST" name="Default suite" finished-at="2023-10-09T15:12:58 IST" duration-ms="5795">
    <groups>
    </groups>
    <test started-at="2023-10-09T15:12:52 IST" name="Default test" finished-at="2023-10-09T15:12:58 IST" duration-ms="5795">
      <class name="com.testpages.qa.testcases.FormTest">
        <test-method is-config="true" signature="setup()[pri:0, instance:com.testpages.qa.testcases.FormTest@4686afc2]" started-at="2023-10-09T15:12:52 IST" name="setup" finished-at="2023-10-09T15:12:56 IST" duration-ms="3979" status="PASS">
          <reporter-output>
          </reporter-output>
        </test-method> <!-- setup -->
        <test-method signature="verifyMandatoryFields()[pri:1, instance:com.testpages.qa.testcases.FormTest@4686afc2]" started-at="2023-10-09T15:12:56 IST" name="verifyMandatoryFields" finished-at="2023-10-09T15:12:57 IST" duration-ms="1461" status="PASS">
          <reporter-output>
          </reporter-output>
        </test-method> <!-- verifyMandatoryFields -->
        <test-method is-config="true" signature="tearDown()[pri:0, instance:com.testpages.qa.testcases.FormTest@4686afc2]" started-at="2023-10-09T15:12:57 IST" name="tearDown" finished-at="2023-10-09T15:12:58 IST" duration-ms="248" status="PASS">
          <reporter-output>
          </reporter-output>
        </test-method> <!-- tearDown -->
      </class> <!-- com.testpages.qa.testcases.FormTest -->
    </test> <!-- Default test -->
  </suite> <!-- Default suite -->
</testng-results>
